[2013-11-04 19:33:17] START
[2013-11-04 19:33:17] EDIT welcome/controllers/default.py: 0
[2013-11-04 19:38:02] EDIT welcome/models/menu.py: 0
[2013-11-04 19:38:25] EDIT welcome/models/menu.py: 0
[2013-11-04 19:38:56] EDIT welcome/models/menu.py: 0
[2013-11-04 19:39:17] EDIT welcome/models/menu.py: 0
[2013-11-04 19:41:03] EDIT welcome/models/menu.py: 0
[2013-11-04 19:42:47] EDIT welcome/models/menu.py: 0
[2013-11-04 20:20:49] EDIT welcome/models/db.py: 0
[2013-11-04 20:21:53] EDIT welcome/models/db.py: 1
[2013-11-04 20:22:44] EDIT welcome/models/db.py: 1
[2013-11-04 20:25:37] EDIT welcome/models/db.py: 3
[2013-11-04 20:26:40] EDIT welcome/models/db.py: 0
[2013-11-04 20:27:11] EDIT welcome/models/db.py: 0
[2013-11-04 20:29:25] EDIT welcome/models/db.py: 0
[2013-11-04 20:32:26] EDIT welcome/views/default/index.html: -6
[2013-11-04 20:44:16] EDIT welcome/views/default/index.html: 0
[2013-11-04 20:44:37] EDIT welcome/views/default/index.html: 0
[2013-11-04 20:46:54] EDIT welcome/views/default/index.html: -12
[2013-11-04 20:47:33] EDIT welcome/views/default/index.html: -1
[2013-11-04 20:47:34] EDIT welcome/views/default/index.html: 0
[2013-11-04 20:51:15] EDIT welcome/views/default/user.html: -15
[2013-11-04 20:53:15] EDIT welcome/views/layout.html: -4
[2013-11-04 20:55:06] EDIT welcome/controllers/default.py: 1
[2013-11-04 20:55:38] EDIT welcome/controllers/default.py: 0
[2013-11-04 20:56:24] EDIT welcome/controllers/default.py: 0
[2013-11-04 21:05:53] EDIT welcome/controllers/default.py: 1
[2013-11-04 21:06:24] EDIT welcome/controllers/default.py: 0
[2013-11-04 21:06:39] EDIT welcome/controllers/default.py: 0
[2013-11-04 21:08:56] EDIT welcome/controllers/default.py: 3
[2013-11-04 21:09:44] CREATE default/create.html: 0
[2013-11-04 21:11:21] EDIT welcome/views/default/index.html: 1
[2013-11-04 21:15:14] EDIT welcome/views/default/index.html: 3
[2013-11-04 21:15:44] EDIT welcome/views/default/index.html: 1
[2013-11-04 22:05:39] EDIT welcome/views/default/create.html: 0
[2013-11-04 22:11:00] EDIT welcome/views/default/index.html: 2
[2013-11-04 22:11:17] EDIT welcome/views/default/index.html: 0
[2013-11-04 22:12:05] EDIT welcome/views/default/index.html: 0
[2013-11-04 22:12:24] EDIT welcome/views/default/index.html: -2
[2013-11-04 22:12:50] EDIT welcome/views/default/index.html: 0
[2013-11-04 22:13:21] EDIT welcome/views/default/index.html: 1
[2013-11-04 22:13:40] EDIT welcome/views/default/index.html: -1
[2013-11-04 22:16:07] EDIT welcome/controllers/default.py: 0
[2013-11-04 22:17:52] EDIT welcome/views/default/index.html: -3
[2013-11-04 22:18:31] EDIT welcome/views/default/index.html: 0
[2013-11-04 22:18:47] EDIT welcome/views/default/index.html: 0
[2013-11-04 22:21:42] EDIT welcome/views/default/index.html: 2
[2013-11-04 22:22:21] EDIT welcome/views/default/index.html: 0
[2013-11-04 22:23:25] EDIT welcome/views/default/index.html: -1
[2013-11-04 22:23:42] EDIT welcome/views/default/index.html: -2
[2013-11-04 22:24:29] EDIT welcome/controllers/default.py: 2
[2013-11-04 22:24:55] EDIT welcome/controllers/default.py: 0
[2013-11-04 22:27:08] EDIT welcome/controllers/default.py: 1
[2013-11-06 15:32:04] EDIT welcome/views/default/index.html: 0
[2013-11-06 15:32:09] EDIT welcome/views/default/index.html: 0
[2013-11-06 15:33:22] EDIT welcome/controllers/default.py: 2
[2013-11-06 15:34:02] EDIT welcome/controllers/default.py: 0
[2013-11-06 15:35:57] EDIT welcome/controllers/default.py: -3
[2013-11-06 15:36:24] EDIT welcome/controllers/default.py: 0
[2013-11-06 15:37:01] EDIT welcome/controllers/default.py: 0
[2013-11-06 15:45:05] EDIT welcome/controllers/default.py: 0
[2013-11-06 15:45:31] EDIT welcome/controllers/default.py: 0
[2013-11-06 15:47:34] EDIT welcome/views/default/index.html: -2
[2013-11-06 15:48:27] EDIT welcome/views/default/index.html: 0
[2013-11-06 15:51:36] EDIT welcome/controllers/default.py: 1
[2013-11-06 15:51:53] EDIT welcome/views/default/index.html: -1
[2013-11-06 15:52:25] EDIT welcome/controllers/default.py: 0
[2013-11-06 15:53:16] EDIT welcome/controllers/default.py: 0
[2013-11-06 15:53:36] EDIT welcome/views/default/index.html: 0
[2013-11-06 15:54:16] EDIT welcome/controllers/default.py: 0
[2013-11-06 15:54:49] EDIT welcome/controllers/default.py: -1
[2013-11-06 15:55:17] EDIT welcome/views/default/index.html: 1
[2013-11-06 15:55:39] EDIT welcome/views/default/index.html: 0
[2013-11-06 15:56:10] EDIT welcome/views/default/index.html: 0
[2013-11-06 15:56:22] EDIT welcome/views/default/index.html: 0
[2013-11-06 15:56:40] EDIT welcome/views/default/index.html: 0
[2013-11-06 15:57:43] EDIT welcome/controllers/default.py: 1
[2013-11-06 15:58:30] EDIT welcome/views/default/index.html: 0
[2013-11-06 15:59:53] EDIT welcome/views/default/index.html: 0
[2013-11-06 16:00:08] EDIT welcome/views/default/index.html: 0
[2013-11-06 16:00:25] EDIT welcome/views/default/index.html: 0
[2013-11-06 16:00:53] EDIT welcome/views/default/index.html: 0
[2013-11-06 16:01:08] EDIT welcome/views/default/index.html: 0
[2013-11-06 16:01:43] EDIT welcome/views/default/index.html: 1
[2013-11-06 16:02:27] EDIT welcome/views/default/index.html: 0
[2013-11-06 16:02:51] EDIT welcome/views/default/index.html: 0
[2013-11-06 16:04:00] EDIT welcome/views/default/index.html: 0
[2013-11-06 16:04:36] EDIT welcome/controllers/default.py: 0
[2013-11-06 16:04:59] EDIT welcome/controllers/default.py: 0
[2013-11-06 16:06:17] EDIT welcome/views/default/index.html: 0
[2013-11-06 16:07:52] EDIT welcome/views/default/index.html: 0
[2013-11-06 16:08:05] EDIT welcome/views/default/index.html: 0
[2013-11-06 16:08:29] EDIT welcome/controllers/default.py: 0
[2013-11-06 16:11:41] EDIT welcome/controllers/default.py: 0
[2013-11-06 16:14:05] EDIT welcome/controllers/default.py: -1
[2013-11-06 16:14:41] EDIT welcome/controllers/default.py: 0
[2013-11-06 16:15:30] EDIT welcome/controllers/default.py: 0
[2013-11-06 16:16:02] EDIT welcome/controllers/default.py: 0
[2013-11-06 16:17:05] EDIT welcome/controllers/default.py: 1
