timestamp: 2013-11-04T18:21:44.667239
CREATE TABLE auth_user(
    id INTEGER PRIMARY KEY AUTOINCREMENT,
    first_name CHAR(128),
    last_name CHAR(128),
    email CHAR(512),
    password CHAR(512),
    registration_key CHAR(512),
    reset_password_key CHAR(512),
    registration_id CHAR(512)
);
success!
timestamp: 2013-11-04T18:21:44.822417
CREATE TABLE auth_group(
    id INTEGER PRIMARY KEY AUTOINCREMENT,
    role CHAR(512),
    description TEXT
);
success!
timestamp: 2013-11-04T18:21:44.933228
CREATE TABLE auth_membership(
    id INTEGER PRIMARY KEY AUTOINCREMENT,
    user_id INTEGER REFERENCES auth_user (id) ON DELETE CASCADE,
    group_id INTEGER REFERENCES auth_group (id) ON DELETE CASCADE
);
success!
timestamp: 2013-11-04T18:21:45.057193
CREATE TABLE auth_permission(
    id INTEGER PRIMARY KEY AUTOINCREMENT,
    group_id INTEGER REFERENCES auth_group (id) ON DELETE CASCADE,
    name CHAR(512),
    table_name CHAR(512),
    record_id INTEGER
);
success!
timestamp: 2013-11-04T18:21:45.202255
CREATE TABLE auth_event(
    id INTEGER PRIMARY KEY AUTOINCREMENT,
    time_stamp TIMESTAMP,
    client_ip CHAR(512),
    user_id INTEGER REFERENCES auth_user (id) ON DELETE CASCADE,
    origin CHAR(512),
    description TEXT
);
success!
timestamp: 2013-11-04T18:21:45.381157
CREATE TABLE auth_cas(
    id INTEGER PRIMARY KEY AUTOINCREMENT,
    user_id INTEGER REFERENCES auth_user (id) ON DELETE CASCADE,
    created_on TIMESTAMP,
    service CHAR(512),
    ticket CHAR(512),
    renew CHAR(1)
);
success!
timestamp: 2013-11-04T20:20:57.819112
CREATE TABLE auth_user(
    id SERIAL PRIMARY KEY,
    first_name VARCHAR(128),
    last_name VARCHAR(128),
    email VARCHAR(512),
    password VARCHAR(512),
    registration_key VARCHAR(512),
    reset_password_key VARCHAR(512),
    registration_id VARCHAR(512)
);
success!
timestamp: 2013-11-04T20:20:57.968406
CREATE TABLE auth_group(
    id SERIAL PRIMARY KEY,
    role VARCHAR(512),
    description TEXT
);
success!
timestamp: 2013-11-04T20:20:58.157713
CREATE TABLE auth_membership(
    id SERIAL PRIMARY KEY,
    user_id INTEGER REFERENCES auth_user (id) ON DELETE CASCADE,
    group_id INTEGER REFERENCES auth_group (id) ON DELETE CASCADE
);
success!
timestamp: 2013-11-04T20:20:58.224500
CREATE TABLE auth_permission(
    id SERIAL PRIMARY KEY,
    group_id INTEGER REFERENCES auth_group (id) ON DELETE CASCADE,
    name VARCHAR(512),
    table_name VARCHAR(512),
    record_id INTEGER
);
success!
timestamp: 2013-11-04T20:20:58.302242
CREATE TABLE auth_event(
    id SERIAL PRIMARY KEY,
    time_stamp TIMESTAMP,
    client_ip VARCHAR(512),
    user_id INTEGER REFERENCES auth_user (id) ON DELETE CASCADE,
    origin VARCHAR(512),
    description TEXT
);
success!
timestamp: 2013-11-04T20:20:58.392290
CREATE TABLE auth_cas(
    id SERIAL PRIMARY KEY,
    user_id INTEGER REFERENCES auth_user (id) ON DELETE CASCADE,
    created_on TIMESTAMP,
    service VARCHAR(512),
    ticket VARCHAR(512),
    renew CHAR(1)
);
success!
timestamp: 2013-11-04T20:22:18.858062
CREATE TABLE mytable(
    id SERIAL PRIMARY KEY,
    myfield VARCHAR(512)
);
success!
timestamp: 2013-11-04T20:27:23.785800
CREATE TABLE servers(
    id SERIAL PRIMARY KEY,
    active_server CHAR(1),
    address VARCHAR(512),
    username VARCHAR(512),
    passwd VARCHAR(512)
);
success!
success!
timestamp: 2013-11-04T20:55:08.961852
CREATE TABLE wiki_page(
    id SERIAL PRIMARY KEY,
    slug VARCHAR(512),
    title VARCHAR(255) UNIQUE,
    body TEXT NOT NULL,
    tags TEXT,
    can_read TEXT,
    can_edit TEXT,
    changelog VARCHAR(512),
    html TEXT,
    render VARCHAR(512),
    is_active CHAR(1),
    created_on TIMESTAMP,
    created_by INTEGER REFERENCES auth_user (id) ON DELETE CASCADE,
    modified_on TIMESTAMP,
    modified_by INTEGER REFERENCES auth_user (id) ON DELETE CASCADE
);
success!
timestamp: 2013-11-04T20:55:09.131168
CREATE TABLE wiki_tag(
    id SERIAL PRIMARY KEY,
    name VARCHAR(512),
    wiki_page INTEGER REFERENCES wiki_page (id) ON DELETE CASCADE,
    is_active CHAR(1),
    created_on TIMESTAMP,
    created_by INTEGER REFERENCES auth_user (id) ON DELETE CASCADE,
    modified_on TIMESTAMP,
    modified_by INTEGER REFERENCES auth_user (id) ON DELETE CASCADE
);
success!
timestamp: 2013-11-04T20:55:09.232111
CREATE TABLE wiki_media(
    id SERIAL PRIMARY KEY,
    wiki_page INTEGER REFERENCES wiki_page (id) ON DELETE CASCADE,
    title VARCHAR(512),
    filename VARCHAR(512),
    is_active CHAR(1),
    created_on TIMESTAMP,
    created_by INTEGER REFERENCES auth_user (id) ON DELETE CASCADE,
    modified_on TIMESTAMP,
    modified_by INTEGER REFERENCES auth_user (id) ON DELETE CASCADE
);
success!
timestamp: 2013-11-05T08:40:51.409744
CREATE TABLE auth_user(
    id SERIAL PRIMARY KEY,
    first_name VARCHAR(128),
    last_name VARCHAR(128),
    email VARCHAR(512),
    password VARCHAR(512),
    registration_key VARCHAR(512),
    reset_password_key VARCHAR(512),
    registration_id VARCHAR(512)
);
success!
timestamp: 2013-11-05T08:40:51.675359
CREATE TABLE auth_group(
    id SERIAL PRIMARY KEY,
    role VARCHAR(512),
    description TEXT
);
success!
timestamp: 2013-11-05T08:40:51.763516
CREATE TABLE auth_membership(
    id SERIAL PRIMARY KEY,
    user_id INTEGER REFERENCES auth_user (id) ON DELETE CASCADE,
    group_id INTEGER REFERENCES auth_group (id) ON DELETE CASCADE
);
success!
timestamp: 2013-11-05T08:40:51.869547
CREATE TABLE auth_permission(
    id SERIAL PRIMARY KEY,
    group_id INTEGER REFERENCES auth_group (id) ON DELETE CASCADE,
    name VARCHAR(512),
    table_name VARCHAR(512),
    record_id INTEGER
);
success!
timestamp: 2013-11-05T08:40:51.932036
CREATE TABLE auth_event(
    id SERIAL PRIMARY KEY,
    time_stamp TIMESTAMP,
    client_ip VARCHAR(512),
    user_id INTEGER REFERENCES auth_user (id) ON DELETE CASCADE,
    origin VARCHAR(512),
    description TEXT
);
success!
timestamp: 2013-11-05T08:40:52.029113
CREATE TABLE auth_cas(
    id SERIAL PRIMARY KEY,
    user_id INTEGER REFERENCES auth_user (id) ON DELETE CASCADE,
    created_on TIMESTAMP,
    service VARCHAR(512),
    ticket VARCHAR(512),
    renew CHAR(1)
);
success!
timestamp: 2013-11-05T08:40:52.098040
CREATE TABLE servers(
    id SERIAL PRIMARY KEY,
    active_server CHAR(1),
    address VARCHAR(512),
    username VARCHAR(512),
    passwd VARCHAR(512)
);
success!
timestamp: 2013-11-10T16:59:13.783253
CREATE TABLE auth_user(
    id SERIAL PRIMARY KEY,
    first_name VARCHAR(128),
    last_name VARCHAR(128),
    email VARCHAR(512),
    password VARCHAR(512),
    registration_key VARCHAR(512),
    reset_password_key VARCHAR(512),
    registration_id VARCHAR(512)
);
success!
timestamp: 2013-11-10T16:59:14.884629
CREATE TABLE auth_group(
    id SERIAL PRIMARY KEY,
    role VARCHAR(512),
    description TEXT
);
success!
timestamp: 2013-11-10T16:59:15.016940
CREATE TABLE auth_membership(
    id SERIAL PRIMARY KEY,
    user_id INTEGER REFERENCES auth_user (id) ON DELETE CASCADE,
    group_id INTEGER REFERENCES auth_group (id) ON DELETE CASCADE
);
success!
timestamp: 2013-11-10T16:59:15.117942
CREATE TABLE auth_permission(
    id SERIAL PRIMARY KEY,
    group_id INTEGER REFERENCES auth_group (id) ON DELETE CASCADE,
    name VARCHAR(512),
    table_name VARCHAR(512),
    record_id INTEGER
);
success!
timestamp: 2013-11-10T16:59:15.217807
CREATE TABLE auth_event(
    id SERIAL PRIMARY KEY,
    time_stamp TIMESTAMP,
    client_ip VARCHAR(512),
    user_id INTEGER REFERENCES auth_user (id) ON DELETE CASCADE,
    origin VARCHAR(512),
    description TEXT
);
success!
timestamp: 2013-11-10T16:59:15.561208
CREATE TABLE auth_cas(
    id SERIAL PRIMARY KEY,
    user_id INTEGER REFERENCES auth_user (id) ON DELETE CASCADE,
    created_on TIMESTAMP,
    service VARCHAR(512),
    ticket VARCHAR(512),
    renew CHAR(1)
);
success!
timestamp: 2013-11-10T16:59:15.644130
CREATE TABLE servers(
    id SERIAL PRIMARY KEY,
    active_server CHAR(1),
    address VARCHAR(512),
    username VARCHAR(512),
    passwd VARCHAR(512)
);
success!
timestamp: 2013-11-10T18:52:37.567311
ALTER TABLE servers ADD last_restart TIMESTAMP;
success!
timestamp: 2013-11-10T19:08:36.634476
ALTER TABLE servers ADD service_name VARCHAR(512);
success!
timestamp: 2013-11-10T19:30:39.266478
ALTER TABLE servers ADD port INTEGER;
success!
timestamp: 2013-11-10T19:40:54.472665
ALTER TABLE servers ADD running_time VARCHAR(512);
timestamp: 2013-11-10T19:40:54.474018
ALTER TABLE servers DROP COLUMN last_restart;
success!
timestamp: 2013-11-13T16:13:12.147598
ALTER TABLE servers ADD running_time__tmp TIMESTAMP;
UPDATE servers SET running_time__tmp=running_time;
timestamp: 2013-11-13T16:13:14.419228
ALTER TABLE servers ADD running_time__tmp TIMESTAMP;
UPDATE servers SET running_time__tmp=running_time;
timestamp: 2013-11-13T16:13:31.954031
ALTER TABLE servers ADD running_time__tmp TIMESTAMP;
UPDATE servers SET running_time__tmp=running_time;
timestamp: 2013-11-13T16:14:02.952912
ALTER TABLE servers ADD running_time__tmp TIMESTAMP;
UPDATE servers SET running_time__tmp=running_time;
timestamp: 2013-11-13T16:14:16.009575
ALTER TABLE servers ADD running_time__tmp TIMESTAMP;
UPDATE servers SET running_time__tmp=running_time;
timestamp: 2013-11-13T16:14:19.260483
ALTER TABLE servers ADD running_time__tmp TIMESTAMP;
UPDATE servers SET running_time__tmp=running_time;
timestamp: 2013-11-13T16:14:20.320681
ALTER TABLE servers ADD running_time__tmp TIMESTAMP;
UPDATE servers SET running_time__tmp=running_time;
timestamp: 2013-11-13T16:14:32.095880
ALTER TABLE servers ADD running_time__tmp TIMESTAMP;
UPDATE servers SET running_time__tmp=running_time;
timestamp: 2013-11-13T16:18:55.171067
CREATE TABLE auth_user(
    id SERIAL PRIMARY KEY,
    first_name VARCHAR(128),
    last_name VARCHAR(128),
    email VARCHAR(512),
    password VARCHAR(512),
    registration_key VARCHAR(512),
    reset_password_key VARCHAR(512),
    registration_id VARCHAR(512)
);
success!
timestamp: 2013-11-13T16:18:55.378957
CREATE TABLE auth_group(
    id SERIAL PRIMARY KEY,
    role VARCHAR(512),
    description TEXT
);
success!
timestamp: 2013-11-13T16:18:55.515709
CREATE TABLE auth_membership(
    id SERIAL PRIMARY KEY,
    user_id INTEGER REFERENCES auth_user (id) ON DELETE CASCADE,
    group_id INTEGER REFERENCES auth_group (id) ON DELETE CASCADE
);
success!
timestamp: 2013-11-13T16:18:55.600170
CREATE TABLE auth_permission(
    id SERIAL PRIMARY KEY,
    group_id INTEGER REFERENCES auth_group (id) ON DELETE CASCADE,
    name VARCHAR(512),
    table_name VARCHAR(512),
    record_id INTEGER
);
success!
timestamp: 2013-11-13T16:18:55.681373
CREATE TABLE auth_event(
    id SERIAL PRIMARY KEY,
    time_stamp TIMESTAMP,
    client_ip VARCHAR(512),
    user_id INTEGER REFERENCES auth_user (id) ON DELETE CASCADE,
    origin VARCHAR(512),
    description TEXT
);
success!
timestamp: 2013-11-13T16:18:55.806558
CREATE TABLE auth_cas(
    id SERIAL PRIMARY KEY,
    user_id INTEGER REFERENCES auth_user (id) ON DELETE CASCADE,
    created_on TIMESTAMP,
    service VARCHAR(512),
    ticket VARCHAR(512),
    renew CHAR(1)
);
success!
timestamp: 2013-11-13T16:18:55.887941
CREATE TABLE servers(
    id SERIAL PRIMARY KEY,
    active_server CHAR(1),
    address VARCHAR(512),
    username VARCHAR(512),
    passwd VARCHAR(512),
    running_time VARCHAR(512),
    service_name VARCHAR(512),
    port INTEGER
);
success!
